<?xml version="1.0" encoding="UTF-8"?>
<testsuite xmlns:xsi="http://www.w3.org/2001/XMLSchema-instance" xsi:noNamespaceSchemaLocation="https://maven.apache.org/surefire/maven-surefire-plugin/xsd/surefire-test-report.xsd" name="ru.ozon.FirstTest" time="56.516" tests="9" errors="0" skipped="0" failures="0">
  <properties>
[...]
</properties>
  <testcase name="Test1_MainPage" classname="ru.ozon.FirstTest" time="11.95"/>
  <testcase name="Test2_Catalog" classname="ru.ozon.FirstTest" time="2.107"/>
  <testcase name="Test3_Appliances" classname="ru.ozon.FirstTest" time="2.21"/>
  <testcase name="Test4_KitchenAppliances" classname="ru.ozon.FirstTest" time="2.016"/>
  <testcase name="Test5_CoffeeMaker" classname="ru.ozon.FirstTest" time="2.055"/>
  <testcase name="Test6_PriceRange" classname="ru.ozon.FirstTest" time="18.393"/>
  <testcase name="Test7_SortAsc" classname="ru.ozon.FirstTest" time="10.134"/>
  <testcase name="Test8_AddToBasket" classname="ru.ozon.FirstTest" time="2.046"/>
  <testcase name="Test9_Basket" classname="ru.ozon.FirstTest" time="5.447"/>
</testsuite>