<?xml version="1.0" encoding="UTF-8"?>
<testsuite xmlns:xsi="http://www.w3.org/2001/XMLSchema-instance" xsi:noNamespaceSchemaLocation="https://maven.apache.org/surefire/maven-surefire-plugin/xsd/surefire-test-report.xsd" name="ru.ozon.SecondTest" time="50.519" tests="11" errors="0" skipped="0" failures="0">
  <properties>
[...]
</properties>
  <testcase name="Test1_MainPage" classname="ru.ozon.SecondTest" time="9.26"/>
  <testcase name="Test2_Catalog" classname="ru.ozon.SecondTest" time="1.905"/>
  <testcase name="Test3_Appliances" classname="ru.ozon.SecondTest" time="2.055"/>
  <testcase name="Test4_KitchenAppliances" classname="ru.ozon.SecondTest" time="1.93"/>
  <testcase name="Test5_CoffeeMaker" classname="ru.ozon.SecondTest" time="1.898"/>
  <testcase name="Test6_CarobCoffeeMaker" classname="ru.ozon.SecondTest" time="1.917"/>
  <testcase name="Test7_HeatedCups" classname="ru.ozon.SecondTest" time="1.901"/>
  <testcase name="Test8_PriceRange" classname="ru.ozon.SecondTest" time="13.217"/>
  <testcase name="Test9_SortAsc" classname="ru.ozon.SecondTest" time="9.948"/>
  <testcase name="Test_10_AddToBasket" classname="ru.ozon.SecondTest" time="1.909"/>
  <testcase name="Test_11_Basket" classname="ru.ozon.SecondTest" time="4.572"/>
</testsuite>